<?xml version="1.0" encoding="UTF-8"?>
<testsuite xmlns:xsi="http://www.w3.org/2001/XMLSchema-instance" xsi:noNamespaceSchemaLocation="https://maven.apache.org/surefire/maven-surefire-plugin/xsd/surefire-test-report.xsd" version="3.0.2" name="com.pms.ClientServiceApplicationTests" time="5.395" tests="1" errors="0" skipped="0" failures="0">
  <properties>
[...]
</properties>
  <testcase name="contextLoads" classname="com.pms.ClientServiceApplicationTests" time="1.378">
    <system-out><![CDATA[19:41:10.661 [main] INFO org.springframework.test.context.support.AnnotationConfigContextLoaderUtils -- Could not detect default configuration classes for test class [com.pms.ClientServiceApplicationTests]: ClientServiceApplicationTests does not declare any static, non-private, non-final, nested classes annotated with @Configuration.
19:41:10.882 [main] INFO org.springframework.boot.test.context.SpringBootTestContextBootstrapper -- Found @SpringBootConfiguration com.pms.ClientServiceApplication for test class com.pms.ClientServiceApplicationTests

  .   ____          _            __ _ _
 /\\ / ___'_ __ _ _(_)_ __  __ _ \ \ \ \
( ( )\___ | '_ | '_| | '_ \/ _` | \ \ \ \
 \\/  ___)| |_)| | | | | || (_| |  ) ) ) )
  '  |____| .__|_| |_|_| |_\__, | / / / /
 =========|_|==============|___/=/_/_/_/

 :: Spring Boot ::                (v3.4.0)

2024-12-06T19:41:11.767+05:30  INFO 18876 --- [ClientServiceApplication] [           main] com.pms.ClientServiceApplicationTests    : Starting ClientServiceApplicationTests using Java 23.0.1 with PID 18876 (started by DELL in R:\Infosys Internship\ClientServiceApplication)
2024-12-06T19:41:11.769+05:30 DEBUG 18876 --- [ClientServiceApplication] [           main] com.pms.ClientServiceApplicationTests    : Running with Spring Boot v3.4.0, Spring v6.2.0
2024-12-06T19:41:11.771+05:30  INFO 18876 --- [ClientServiceApplication] [           main] com.pms.ClientServiceApplicationTests    : No active profile set, falling back to 1 default profile: "default"
2024-12-06T19:41:11.852+05:30 DEBUG 18876 --- [ClientServiceApplication] [           main] o.s.w.c.s.GenericWebApplicationContext   : Refreshing org.springframework.web.context.support.GenericWebApplicationContext@47d93e0d
2024-12-06T19:41:13.840+05:30 DEBUG 18876 --- [ClientServiceApplication] [           main] s.w.s.m.m.a.RequestMappingHandlerMapping : 11 mappings in 'requestMappingHandlerMapping'
2024-12-06T19:41:14.024+05:30 DEBUG 18876 --- [ClientServiceApplication] [           main] o.s.w.s.handler.SimpleUrlHandlerMapping  : Patterns [/webjars/**, /**] in 'resourceHandlerMapping'
2024-12-06T19:41:14.070+05:30 DEBUG 18876 --- [ClientServiceApplication] [           main] s.w.s.m.m.a.RequestMappingHandlerAdapter : ControllerAdvice beans: 0 @ModelAttribute, 0 @InitBinder, 1 RequestBodyAdvice, 1 ResponseBodyAdvice
2024-12-06T19:41:14.205+05:30 DEBUG 18876 --- [ClientServiceApplication] [           main] .m.m.a.ExceptionHandlerExceptionResolver : ControllerAdvice beans: 0 @ExceptionHandler, 1 ResponseBodyAdvice
2024-12-06T19:41:14.338+05:30  INFO 18876 --- [ClientServiceApplication] [           main] com.pms.ClientServiceApplicationTests    : Started ClientServiceApplicationTests in 3.182 seconds (process running for 4.901)
]]></system-out>
    <system-err><![CDATA[Mockito is currently self-attaching to enable the inline-mock-maker. This will no longer work in future releases of the JDK. Please add Mockito as an agent to your build what is described in Mockito's documentation: https://javadoc.io/doc/org.mockito/mockito-core/latest/org/mockito/Mockito.html#0.3
WARNING: A Java agent has been loaded dynamically (C:\Users\DELL\.m2\repository\net\bytebuddy\byte-buddy-agent\1.15.10\byte-buddy-agent-1.15.10.jar)
WARNING: If a serviceability tool is in use, please run with -XX:+EnableDynamicAgentLoading to hide this warning
WARNING: If a serviceability tool is not in use, please run with -Djdk.instrument.traceUsage for more information
WARNING: Dynamic loading of agents will be disallowed by default in a future release
]]></system-err>
  </testcase>
</testsuite>